-------------------------------------------------------------------------------
Test set: org.persone.manager.PersonaManagerTest
-------------------------------------------------------------------------------
Tests run: 4, Failures: 1, Errors: 0, Skipped: 0, Time elapsed: 0.062 s <<< FAILURE! - in org.persone.manager.PersonaManagerTest
searchForPersonaByName  Time elapsed: 0.041 s  <<< FAILURE!
org.opentest4j.AssertionFailedError: iterable contents differ at index [0], expected: <Flavio: 78> but was: <Flavio: 55>
	at org.persone.manager.PersonaManagerTest.searchForPersonaByName(PersonaManagerTest.java:64)

