<?xml version="1.0" encoding="UTF-8"?>
<testsuite xmlns:xsi="http://www.w3.org/2001/XMLSchema-instance" xsi:noNamespaceSchemaLocation="https://maven.apache.org/surefire/maven-surefire-plugin/xsd/surefire-test-report.xsd" name="org.persone.manager.PersonaManagerTest" time="0.062" tests="4" errors="0" skipped="0" failures="1">
  <properties>
[...]
</properties>
  <testcase name="searchForPersonaByName" classname="org.persone.manager.PersonaManagerTest" time="0.041">
    <failure message="iterable contents differ at index [0], expected: &lt;Flavio: 78&gt; but was: &lt;Flavio: 55&gt;" type="org.opentest4j.AssertionFailedError"><![CDATA[org.opentest4j.AssertionFailedError: iterable contents differ at index [0], expected: <Flavio: 78> but was: <Flavio: 55>
	at org.persone.manager.PersonaManagerTest.searchForPersonaByName(PersonaManagerTest.java:64)
]]></failure>
  </testcase>
  <testcase name="insertTest" classname="org.persone.manager.PersonaManagerTest" time="0"/>
  <testcase name="insertIllegalEtaPersona" classname="org.persone.manager.PersonaManagerTest" time="0.006"/>
  <testcase name="insertIllegalNamePersona" classname="org.persone.manager.PersonaManagerTest" time="0.004"/>
</testsuite>